mode: atomic
github.com/MaKYaro/url-shortener/internal/config/config.go:40.25,42.16 2 0
github.com/MaKYaro/url-shortener/internal/config/config.go:42.16,43.33 1 0
github.com/MaKYaro/url-shortener/internal/config/config.go:46.2,46.41 1 0
github.com/MaKYaro/url-shortener/internal/config/config.go:46.41,47.47 1 0
github.com/MaKYaro/url-shortener/internal/config/config.go:50.2,51.16 2 0
github.com/MaKYaro/url-shortener/internal/config/config.go:51.16,52.50 1 0
github.com/MaKYaro/url-shortener/internal/config/config.go:55.2,57.56 2 0
github.com/MaKYaro/url-shortener/internal/config/config.go:57.56,58.51 1 0
github.com/MaKYaro/url-shortener/internal/config/config.go:60.2,60.13 1 0
github.com/MaKYaro/url-shortener/internal/config/config.go:65.29,67.16 2 0
github.com/MaKYaro/url-shortener/internal/config/config.go:67.16,69.3 1 0
github.com/MaKYaro/url-shortener/internal/config/config.go:71.2,73.13 3 0
github.com/MaKYaro/url-shortener/cmd/url-shortener/main.go:25.13,35.16 7 0
github.com/MaKYaro/url-shortener/cmd/url-shortener/main.go:35.16,37.3 1 0
github.com/MaKYaro/url-shortener/cmd/url-shortener/main.go:38.2,61.12 7 0
github.com/MaKYaro/url-shortener/cmd/url-shortener/main.go:61.12,72.60 5 0
github.com/MaKYaro/url-shortener/cmd/url-shortener/main.go:72.60,77.4 1 0
github.com/MaKYaro/url-shortener/cmd/url-shortener/main.go:78.3,78.14 1 0
github.com/MaKYaro/url-shortener/cmd/url-shortener/main.go:81.2,81.34 1 0
github.com/MaKYaro/url-shortener/cmd/url-shortener/main.go:81.34,83.3 1 0
github.com/MaKYaro/url-shortener/cmd/url-shortener/main.go:85.2,86.33 2 0
github.com/MaKYaro/url-shortener/cmd/url-shortener/main.go:89.43,92.13 2 0
github.com/MaKYaro/url-shortener/cmd/url-shortener/main.go:93.16,98.4 1 0
github.com/MaKYaro/url-shortener/cmd/url-shortener/main.go:99.15,104.4 1 0
github.com/MaKYaro/url-shortener/cmd/url-shortener/main.go:106.2,106.12 1 0
github.com/MaKYaro/url-shortener/internal/lib/logger/slogdiscard/slogdiscard.go:8.38,10.2 1 0
github.com/MaKYaro/url-shortener/internal/lib/logger/slogdiscard/slogdiscard.go:14.42,16.2 1 0
github.com/MaKYaro/url-shortener/internal/lib/logger/slogdiscard/slogdiscard.go:18.72,20.2 1 0
github.com/MaKYaro/url-shortener/internal/lib/logger/slogdiscard/slogdiscard.go:22.73,24.2 1 0
github.com/MaKYaro/url-shortener/internal/lib/logger/slogdiscard/slogdiscard.go:26.64,28.2 1 0
github.com/MaKYaro/url-shortener/internal/lib/logger/slogdiscard/slogdiscard.go:30.59,32.2 1 0
github.com/MaKYaro/url-shortener/internal/http-server/server/server.go:18.11,28.2 2 0
github.com/MaKYaro/url-shortener/internal/http-server/server/server.go:30.30,32.2 1 0
github.com/MaKYaro/url-shortener/internal/http-server/server/server.go:34.54,36.2 1 0
github.com/MaKYaro/url-shortener/internal/lib/http/response/response.go:13.20,17.2 1 0
github.com/MaKYaro/url-shortener/internal/lib/http/response/response.go:19.33,24.2 1 0
github.com/MaKYaro/url-shortener/internal/http-server/router/mocks/URLSaver.go:16.64,19.19 2 0
github.com/MaKYaro/url-shortener/internal/http-server/router/mocks/URLSaver.go:19.19,20.49 1 0
github.com/MaKYaro/url-shortener/internal/http-server/router/mocks/URLSaver.go:23.2,25.68 3 0
github.com/MaKYaro/url-shortener/internal/http-server/router/mocks/URLSaver.go:25.68,27.3 1 0
github.com/MaKYaro/url-shortener/internal/http-server/router/mocks/URLSaver.go:28.2,28.59 1 0
github.com/MaKYaro/url-shortener/internal/http-server/router/mocks/URLSaver.go:28.59,30.3 1 0
github.com/MaKYaro/url-shortener/internal/http-server/router/mocks/URLSaver.go:30.8,31.24 1 0
github.com/MaKYaro/url-shortener/internal/http-server/router/mocks/URLSaver.go:31.24,33.4 1 0
github.com/MaKYaro/url-shortener/internal/http-server/router/mocks/URLSaver.go:36.2,36.51 1 0
github.com/MaKYaro/url-shortener/internal/http-server/router/mocks/URLSaver.go:36.51,38.3 1 0
github.com/MaKYaro/url-shortener/internal/http-server/router/mocks/URLSaver.go:38.8,40.3 1 0
github.com/MaKYaro/url-shortener/internal/http-server/router/mocks/URLSaver.go:42.2,42.15 1 0
github.com/MaKYaro/url-shortener/internal/http-server/router/mocks/URLSaver.go:50.14,54.19 3 0
github.com/MaKYaro/url-shortener/internal/http-server/router/mocks/URLSaver.go:54.19,54.49 1 0
github.com/MaKYaro/url-shortener/internal/http-server/router/mocks/URLSaver.go:56.2,56.13 1 0
github.com/MaKYaro/url-shortener/internal/services/url-shortener/mocks/AliasGenerator.go:13.45,16.19 2 0
github.com/MaKYaro/url-shortener/internal/services/url-shortener/mocks/AliasGenerator.go:16.19,17.50 1 0
github.com/MaKYaro/url-shortener/internal/services/url-shortener/mocks/AliasGenerator.go:20.2,21.46 2 0
github.com/MaKYaro/url-shortener/internal/services/url-shortener/mocks/AliasGenerator.go:21.46,23.3 1 0
github.com/MaKYaro/url-shortener/internal/services/url-shortener/mocks/AliasGenerator.go:23.8,25.3 1 0
github.com/MaKYaro/url-shortener/internal/services/url-shortener/mocks/AliasGenerator.go:27.2,27.11 1 0
github.com/MaKYaro/url-shortener/internal/services/url-shortener/mocks/AliasGenerator.go:35.20,39.19 3 0
github.com/MaKYaro/url-shortener/internal/services/url-shortener/mocks/AliasGenerator.go:39.19,39.49 1 0
github.com/MaKYaro/url-shortener/internal/services/url-shortener/mocks/AliasGenerator.go:41.2,41.13 1 0
github.com/MaKYaro/url-shortener/internal/services/url-shortener/mocks/URLGetter.go:13.59,16.19 2 0
github.com/MaKYaro/url-shortener/internal/services/url-shortener/mocks/URLGetter.go:16.19,17.48 1 0
github.com/MaKYaro/url-shortener/internal/services/url-shortener/mocks/URLGetter.go:20.2,22.61 3 0
github.com/MaKYaro/url-shortener/internal/services/url-shortener/mocks/URLGetter.go:22.61,24.3 1 0
github.com/MaKYaro/url-shortener/internal/services/url-shortener/mocks/URLGetter.go:25.2,25.52 1 0
github.com/MaKYaro/url-shortener/internal/services/url-shortener/mocks/URLGetter.go:25.52,27.3 1 0
github.com/MaKYaro/url-shortener/internal/services/url-shortener/mocks/URLGetter.go:27.8,29.3 1 0
github.com/MaKYaro/url-shortener/internal/services/url-shortener/mocks/URLGetter.go:31.2,31.51 1 0
github.com/MaKYaro/url-shortener/internal/services/url-shortener/mocks/URLGetter.go:31.51,33.3 1 0
github.com/MaKYaro/url-shortener/internal/services/url-shortener/mocks/URLGetter.go:33.8,35.3 1 0
github.com/MaKYaro/url-shortener/internal/services/url-shortener/mocks/URLGetter.go:37.2,37.15 1 0
github.com/MaKYaro/url-shortener/internal/services/url-shortener/mocks/URLGetter.go:45.15,49.19 3 0
github.com/MaKYaro/url-shortener/internal/services/url-shortener/mocks/URLGetter.go:49.19,49.49 1 0
github.com/MaKYaro/url-shortener/internal/services/url-shortener/mocks/URLGetter.go:51.2,51.13 1 0
github.com/MaKYaro/url-shortener/internal/services/url-shortener/mocks/URLRemover.go:13.53,16.19 2 0
github.com/MaKYaro/url-shortener/internal/services/url-shortener/mocks/URLRemover.go:16.19,17.51 1 0
github.com/MaKYaro/url-shortener/internal/services/url-shortener/mocks/URLRemover.go:20.2,21.51 2 0
github.com/MaKYaro/url-shortener/internal/services/url-shortener/mocks/URLRemover.go:21.51,23.3 1 0
github.com/MaKYaro/url-shortener/internal/services/url-shortener/mocks/URLRemover.go:23.8,25.3 1 0
github.com/MaKYaro/url-shortener/internal/services/url-shortener/mocks/URLRemover.go:27.2,27.11 1 0
github.com/MaKYaro/url-shortener/internal/services/url-shortener/mocks/URLRemover.go:35.16,39.19 3 0
github.com/MaKYaro/url-shortener/internal/services/url-shortener/mocks/URLRemover.go:39.19,39.49 1 0
github.com/MaKYaro/url-shortener/internal/services/url-shortener/mocks/URLRemover.go:41.2,41.13 1 0
github.com/MaKYaro/url-shortener/internal/services/url-shortener/mocks/URLSaver.go:16.56,19.19 2 0
github.com/MaKYaro/url-shortener/internal/services/url-shortener/mocks/URLSaver.go:19.19,20.49 1 0
github.com/MaKYaro/url-shortener/internal/services/url-shortener/mocks/URLSaver.go:23.2,24.58 2 0
github.com/MaKYaro/url-shortener/internal/services/url-shortener/mocks/URLSaver.go:24.58,26.3 1 0
github.com/MaKYaro/url-shortener/internal/services/url-shortener/mocks/URLSaver.go:26.8,28.3 1 0
github.com/MaKYaro/url-shortener/internal/services/url-shortener/mocks/URLSaver.go:30.2,30.11 1 0
github.com/MaKYaro/url-shortener/internal/services/url-shortener/mocks/URLSaver.go:38.14,42.19 3 0
github.com/MaKYaro/url-shortener/internal/services/url-shortener/mocks/URLSaver.go:42.19,42.49 1 0
github.com/MaKYaro/url-shortener/internal/services/url-shortener/mocks/URLSaver.go:44.2,44.13 1 0
github.com/MaKYaro/url-shortener/internal/domain/alias.go:11.32,13.2 1 7
github.com/MaKYaro/url-shortener/internal/domain/alias.go:15.39,17.2 1 1
github.com/MaKYaro/url-shortener/internal/lib/random/random.go:15.49,17.2 1 5
github.com/MaKYaro/url-shortener/internal/lib/random/random.go:19.44,24.34 4 10
github.com/MaKYaro/url-shortener/internal/lib/random/random.go:24.34,26.3 1 132
github.com/MaKYaro/url-shortener/internal/lib/random/random.go:27.2,27.20 1 10
github.com/MaKYaro/url-shortener/internal/http-server/router/router.go:25.11,31.2 1 0
github.com/MaKYaro/url-shortener/internal/http-server/router/router.go:33.46,36.2 2 0
github.com/MaKYaro/url-shortener/internal/http-server/router/save.go:22.68,23.54 1 4
github.com/MaKYaro/url-shortener/internal/http-server/router/save.go:23.54,30.17 5 4
github.com/MaKYaro/url-shortener/internal/http-server/router/save.go:30.17,40.4 4 1
github.com/MaKYaro/url-shortener/internal/http-server/router/save.go:42.3,44.53 2 3
github.com/MaKYaro/url-shortener/internal/http-server/router/save.go:44.53,53.4 4 1
github.com/MaKYaro/url-shortener/internal/http-server/router/save.go:55.3,56.17 2 2
github.com/MaKYaro/url-shortener/internal/http-server/router/save.go:56.17,65.4 4 1
github.com/MaKYaro/url-shortener/internal/http-server/router/save.go:67.3,76.21 3 1
github.com/MaKYaro/url-shortener/internal/http-server/router/mocks/URLSaver.go:16.64,19.19 2 2
github.com/MaKYaro/url-shortener/internal/http-server/router/mocks/URLSaver.go:19.19,20.49 1 0
github.com/MaKYaro/url-shortener/internal/http-server/router/mocks/URLSaver.go:23.2,25.68 3 2
github.com/MaKYaro/url-shortener/internal/http-server/router/mocks/URLSaver.go:25.68,27.3 1 0
github.com/MaKYaro/url-shortener/internal/http-server/router/mocks/URLSaver.go:28.2,28.59 1 2
github.com/MaKYaro/url-shortener/internal/http-server/router/mocks/URLSaver.go:28.59,30.3 1 0
github.com/MaKYaro/url-shortener/internal/http-server/router/mocks/URLSaver.go:30.8,31.24 1 2
github.com/MaKYaro/url-shortener/internal/http-server/router/mocks/URLSaver.go:31.24,33.4 1 2
github.com/MaKYaro/url-shortener/internal/http-server/router/mocks/URLSaver.go:36.2,36.51 1 2
github.com/MaKYaro/url-shortener/internal/http-server/router/mocks/URLSaver.go:36.51,38.3 1 0
github.com/MaKYaro/url-shortener/internal/http-server/router/mocks/URLSaver.go:38.8,40.3 1 2
github.com/MaKYaro/url-shortener/internal/http-server/router/mocks/URLSaver.go:42.2,42.15 1 2
github.com/MaKYaro/url-shortener/internal/http-server/router/mocks/URLSaver.go:50.14,54.19 3 4
github.com/MaKYaro/url-shortener/internal/http-server/router/mocks/URLSaver.go:54.19,54.49 1 4
github.com/MaKYaro/url-shortener/internal/http-server/router/mocks/URLSaver.go:56.2,56.13 1 4
github.com/MaKYaro/url-shortener/internal/lib/http/response/response.go:13.20,17.2 1 1
github.com/MaKYaro/url-shortener/internal/lib/http/response/response.go:19.33,24.2 1 3
github.com/MaKYaro/url-shortener/internal/lib/logger/slogdiscard/slogdiscard.go:8.38,10.2 1 4
github.com/MaKYaro/url-shortener/internal/lib/logger/slogdiscard/slogdiscard.go:14.42,16.2 1 4
github.com/MaKYaro/url-shortener/internal/lib/logger/slogdiscard/slogdiscard.go:18.72,20.2 1 7
github.com/MaKYaro/url-shortener/internal/lib/logger/slogdiscard/slogdiscard.go:22.73,24.2 1 0
github.com/MaKYaro/url-shortener/internal/lib/logger/slogdiscard/slogdiscard.go:26.64,28.2 1 4
github.com/MaKYaro/url-shortener/internal/lib/logger/slogdiscard/slogdiscard.go:30.59,32.2 1 0
github.com/MaKYaro/url-shortener/internal/lib/logger/slogdiscard/slogdiscard.go:8.38,10.2 1 7
github.com/MaKYaro/url-shortener/internal/lib/logger/slogdiscard/slogdiscard.go:14.42,16.2 1 7
github.com/MaKYaro/url-shortener/internal/lib/logger/slogdiscard/slogdiscard.go:18.72,20.2 1 10
github.com/MaKYaro/url-shortener/internal/lib/logger/slogdiscard/slogdiscard.go:22.73,24.2 1 0
github.com/MaKYaro/url-shortener/internal/lib/logger/slogdiscard/slogdiscard.go:26.64,28.2 1 7
github.com/MaKYaro/url-shortener/internal/lib/logger/slogdiscard/slogdiscard.go:30.59,32.2 1 0
github.com/MaKYaro/url-shortener/internal/services/url-shortener/urlshortener.go:55.16,64.2 1 7
github.com/MaKYaro/url-shortener/internal/services/url-shortener/urlshortener.go:66.66,76.36 7 4
github.com/MaKYaro/url-shortener/internal/services/url-shortener/urlshortener.go:76.36,84.3 4 6
github.com/MaKYaro/url-shortener/internal/services/url-shortener/urlshortener.go:86.2,86.16 1 4
github.com/MaKYaro/url-shortener/internal/services/url-shortener/urlshortener.go:86.16,92.3 2 2
github.com/MaKYaro/url-shortener/internal/services/url-shortener/urlshortener.go:94.2,94.26 1 2
github.com/MaKYaro/url-shortener/internal/services/url-shortener/urlshortener.go:97.60,103.35 4 3
github.com/MaKYaro/url-shortener/internal/services/url-shortener/urlshortener.go:103.35,109.3 2 1
github.com/MaKYaro/url-shortener/internal/services/url-shortener/urlshortener.go:111.2,111.16 1 2
github.com/MaKYaro/url-shortener/internal/services/url-shortener/urlshortener.go:111.16,117.3 2 1
github.com/MaKYaro/url-shortener/internal/services/url-shortener/urlshortener.go:119.2,119.17 1 1
github.com/MaKYaro/url-shortener/internal/services/url-shortener/mocks/AliasGenerator.go:13.45,16.19 2 10
github.com/MaKYaro/url-shortener/internal/services/url-shortener/mocks/AliasGenerator.go:16.19,17.50 1 0
github.com/MaKYaro/url-shortener/internal/services/url-shortener/mocks/AliasGenerator.go:20.2,21.46 2 10
github.com/MaKYaro/url-shortener/internal/services/url-shortener/mocks/AliasGenerator.go:21.46,23.3 1 0
github.com/MaKYaro/url-shortener/internal/services/url-shortener/mocks/AliasGenerator.go:23.8,25.3 1 10
github.com/MaKYaro/url-shortener/internal/services/url-shortener/mocks/AliasGenerator.go:27.2,27.11 1 10
github.com/MaKYaro/url-shortener/internal/services/url-shortener/mocks/AliasGenerator.go:35.20,39.19 3 4
github.com/MaKYaro/url-shortener/internal/services/url-shortener/mocks/AliasGenerator.go:39.19,39.49 1 4
github.com/MaKYaro/url-shortener/internal/services/url-shortener/mocks/AliasGenerator.go:41.2,41.13 1 4
github.com/MaKYaro/url-shortener/internal/services/url-shortener/mocks/URLGetter.go:13.59,16.19 2 3
github.com/MaKYaro/url-shortener/internal/services/url-shortener/mocks/URLGetter.go:16.19,17.48 1 0
github.com/MaKYaro/url-shortener/internal/services/url-shortener/mocks/URLGetter.go:20.2,22.61 3 3
github.com/MaKYaro/url-shortener/internal/services/url-shortener/mocks/URLGetter.go:22.61,24.3 1 0
github.com/MaKYaro/url-shortener/internal/services/url-shortener/mocks/URLGetter.go:25.2,25.52 1 3
github.com/MaKYaro/url-shortener/internal/services/url-shortener/mocks/URLGetter.go:25.52,27.3 1 0
github.com/MaKYaro/url-shortener/internal/services/url-shortener/mocks/URLGetter.go:27.8,29.3 1 3
github.com/MaKYaro/url-shortener/internal/services/url-shortener/mocks/URLGetter.go:31.2,31.51 1 3
github.com/MaKYaro/url-shortener/internal/services/url-shortener/mocks/URLGetter.go:31.51,33.3 1 0
github.com/MaKYaro/url-shortener/internal/services/url-shortener/mocks/URLGetter.go:33.8,35.3 1 3
github.com/MaKYaro/url-shortener/internal/services/url-shortener/mocks/URLGetter.go:37.2,37.15 1 3
github.com/MaKYaro/url-shortener/internal/services/url-shortener/mocks/URLGetter.go:45.15,49.19 3 3
github.com/MaKYaro/url-shortener/internal/services/url-shortener/mocks/URLGetter.go:49.19,49.49 1 3
github.com/MaKYaro/url-shortener/internal/services/url-shortener/mocks/URLGetter.go:51.2,51.13 1 3
github.com/MaKYaro/url-shortener/internal/services/url-shortener/mocks/URLRemover.go:13.53,16.19 2 0
github.com/MaKYaro/url-shortener/internal/services/url-shortener/mocks/URLRemover.go:16.19,17.51 1 0
github.com/MaKYaro/url-shortener/internal/services/url-shortener/mocks/URLRemover.go:20.2,21.51 2 0
github.com/MaKYaro/url-shortener/internal/services/url-shortener/mocks/URLRemover.go:21.51,23.3 1 0
github.com/MaKYaro/url-shortener/internal/services/url-shortener/mocks/URLRemover.go:23.8,25.3 1 0
github.com/MaKYaro/url-shortener/internal/services/url-shortener/mocks/URLRemover.go:27.2,27.11 1 0
github.com/MaKYaro/url-shortener/internal/services/url-shortener/mocks/URLRemover.go:35.16,39.19 3 0
github.com/MaKYaro/url-shortener/internal/services/url-shortener/mocks/URLRemover.go:39.19,39.49 1 0
github.com/MaKYaro/url-shortener/internal/services/url-shortener/mocks/URLRemover.go:41.2,41.13 1 0
github.com/MaKYaro/url-shortener/internal/services/url-shortener/mocks/URLSaver.go:16.56,19.19 2 10
github.com/MaKYaro/url-shortener/internal/services/url-shortener/mocks/URLSaver.go:19.19,20.49 1 0
github.com/MaKYaro/url-shortener/internal/services/url-shortener/mocks/URLSaver.go:23.2,24.58 2 10
github.com/MaKYaro/url-shortener/internal/services/url-shortener/mocks/URLSaver.go:24.58,26.3 1 0
github.com/MaKYaro/url-shortener/internal/services/url-shortener/mocks/URLSaver.go:26.8,28.3 1 10
github.com/MaKYaro/url-shortener/internal/services/url-shortener/mocks/URLSaver.go:30.2,30.11 1 10
github.com/MaKYaro/url-shortener/internal/services/url-shortener/mocks/URLSaver.go:38.14,42.19 3 4
github.com/MaKYaro/url-shortener/internal/services/url-shortener/mocks/URLSaver.go:42.19,42.49 1 4
github.com/MaKYaro/url-shortener/internal/services/url-shortener/mocks/URLSaver.go:44.2,44.13 1 4
github.com/MaKYaro/url-shortener/internal/config/config.go:40.25,42.16 2 0
github.com/MaKYaro/url-shortener/internal/config/config.go:42.16,43.33 1 0
github.com/MaKYaro/url-shortener/internal/config/config.go:46.2,46.41 1 0
github.com/MaKYaro/url-shortener/internal/config/config.go:46.41,47.47 1 0
github.com/MaKYaro/url-shortener/internal/config/config.go:50.2,51.16 2 0
github.com/MaKYaro/url-shortener/internal/config/config.go:51.16,52.50 1 0
github.com/MaKYaro/url-shortener/internal/config/config.go:55.2,57.56 2 0
github.com/MaKYaro/url-shortener/internal/config/config.go:57.56,58.51 1 0
github.com/MaKYaro/url-shortener/internal/config/config.go:60.2,60.13 1 0
github.com/MaKYaro/url-shortener/internal/config/config.go:65.29,67.16 2 0
github.com/MaKYaro/url-shortener/internal/config/config.go:67.16,69.3 1 0
github.com/MaKYaro/url-shortener/internal/config/config.go:71.2,73.13 3 0
github.com/MaKYaro/url-shortener/internal/storage/postgres/postgres.go:17.53,29.16 4 0
github.com/MaKYaro/url-shortener/internal/storage/postgres/postgres.go:29.16,31.3 1 0
github.com/MaKYaro/url-shortener/internal/storage/postgres/postgres.go:32.2,32.30 1 0
github.com/MaKYaro/url-shortener/internal/storage/postgres/postgres.go:35.54,41.81 4 3
github.com/MaKYaro/url-shortener/internal/storage/postgres/postgres.go:41.81,43.3 1 1
github.com/MaKYaro/url-shortener/internal/storage/postgres/postgres.go:44.2,44.16 1 2
github.com/MaKYaro/url-shortener/internal/storage/postgres/postgres.go:44.16,46.3 1 1
github.com/MaKYaro/url-shortener/internal/storage/postgres/postgres.go:48.2,48.12 1 1
github.com/MaKYaro/url-shortener/internal/storage/postgres/postgres.go:51.56,60.26 6 3
github.com/MaKYaro/url-shortener/internal/storage/postgres/postgres.go:60.26,62.3 1 1
github.com/MaKYaro/url-shortener/internal/storage/postgres/postgres.go:63.2,63.16 1 2
github.com/MaKYaro/url-shortener/internal/storage/postgres/postgres.go:63.16,65.3 1 1
github.com/MaKYaro/url-shortener/internal/storage/postgres/postgres.go:67.2,67.17 1 1
github.com/MaKYaro/url-shortener/internal/storage/postgres/postgres.go:70.49,76.16 4 2
github.com/MaKYaro/url-shortener/internal/storage/postgres/postgres.go:76.16,78.3 1 1
github.com/MaKYaro/url-shortener/internal/storage/postgres/postgres.go:80.2,80.12 1 1
github.com/MaKYaro/url-shortener/internal/storage/postgres/postgres.go:83.27,85.2 1 0
